<?xml version="1.0" encoding="UTF-8"?>
<!-- Generated by org.testng.reporters.JUnitReportReporter -->
<testsuite hostname="HSC-PG02B4N8" failures="0" tests="4" name="api.test.UserTests" time="9.264" errors="0" timestamp="2023-04-03T22:45:54 IST" skipped="0">
  <testcase classname="api.test.UserTests" name="testPostUser" time="4.101"/>
  <system-out/>
  <testcase classname="api.test.UserTests" name="testGetUserByName" time="1.741"/>
  <system-out/>
  <testcase classname="api.test.UserTests" name="testUpdateUser" time="1.730"/>
  <system-out/>
  <testcase classname="api.test.UserTests" name="testdeleteUser" time="1.692"/>
  <system-out/>
</testsuite> <!-- api.test.UserTests -->
