<?xml version="1.0" encoding="UTF-8"?>
<!-- Generated by org.testng.reporters.JUnitReportReporter -->
<testsuite hostname="HSC-PG02B4N8" failures="0" tests="4" name="api.test.UserTests2" time="11.341" errors="0" timestamp="2023-04-04T20:08:07 IST" skipped="0">
  <testcase classname="api.test.UserTests2" name="testPostUser" time="6.299"/>
  <system-out/>
  <testcase classname="api.test.UserTests2" name="testGetUserByName" time="1.698"/>
  <system-out/>
  <testcase classname="api.test.UserTests2" name="testUpdateUser" time="1.694"/>
  <system-out/>
  <testcase classname="api.test.UserTests2" name="testdeleteUser" time="1.650"/>
  <system-out/>
</testsuite> <!-- api.test.UserTests2 -->
