<?xml version="1.0" encoding="UTF-8"?>
<!-- Generated by org.testng.reporters.JUnitReportReporter -->
<testsuite hostname="HSC-PG02B4N8" failures="0" tests="6" name="api.test.DDTests" time="10.111" errors="0" timestamp="2023-04-03T22:19:26 IST" skipped="0">
  <testcase classname="api.test.DDTests" name="testPostUser" time="1.662"/>
  <system-out/>
  <testcase classname="api.test.DDTests" name="testPostUser" time="1.660"/>
  <system-out/>
  <testcase classname="api.test.DDTests" name="testPostUser" time="1.703"/>
  <system-out/>
  <testcase classname="api.test.DDTests" name="testDeleteUser" time="1.699"/>
  <system-out/>
  <testcase classname="api.test.DDTests" name="testDeleteUser" time="1.689"/>
  <system-out/>
  <testcase classname="api.test.DDTests" name="testDeleteUser" time="1.698"/>
  <system-out/>
</testsuite> <!-- api.test.DDTests -->
